{
"contracts\\LotteryWithTickets.sol":{"l":{"23":5,"32":12,"33":11,"34":10,"35":10,"36":15,"45":5,"52":7,"53":6,"62":6,"63":5,"64":5,"66":5,"69":5,"70":5,"71":5,"80":5,"81":5,"82":3,"84":3,"85":3,"87":3,"95":5,"100":1,"104":1},"path":"C:\\Users\\miche\\Downloads\\lottery-hardhat\\lottery-hardhat\\contracts\\LotteryWithTickets.sol","s":{"1":12,"2":11,"3":10,"4":10,"5":15,"6":5,"7":7,"8":6,"9":5,"10":5,"11":5,"12":5,"13":5,"14":5,"15":3,"16":3,"17":3,"18":5,"19":1},"b":{"1":[11,1],"2":[10,1],"3":[6,1],"4":[6,1],"5":[5,1],"6":[3,2],"7":[3,0]},"f":{"1":5,"2":12,"3":5,"4":7,"5":6,"6":5,"7":5,"8":1},"fnMap":{"1":{"name":"constructor","line":22,"loc":{"start":{"line":22,"column":4},"end":{"line":24,"column":4}}},"2":{"name":"buyTickets","line":31,"loc":{"start":{"line":31,"column":4},"end":{"line":38,"column":4}}},"3":{"name":"random","line":44,"loc":{"start":{"line":44,"column":4},"end":{"line":46,"column":4}}},"4":{"name":"restricted","line":51,"loc":{"start":{"line":51,"column":4},"end":{"line":54,"column":4}}},"5":{"name":"pickWinner","line":61,"loc":{"start":{"line":61,"column":4},"end":{"line":74,"column":4}}},"6":{"name":"withdraw","line":79,"loc":{"start":{"line":79,"column":4},"end":{"line":88,"column":4}}},"7":{"name":"getTickets","line":94,"loc":{"start":{"line":94,"column":4},"end":{"line":96,"column":4}}},"8":{"name":null,"line":103,"loc":{"start":{"line":103,"column":4},"end":{"line":105,"column":4}}}},"statementMap":{"1":{"start":{"line":32,"column":8},"end":{"line":32,"column":89}},"2":{"start":{"line":33,"column":8},"end":{"line":33,"column":114}},"3":{"start":{"line":34,"column":8},"end":{"line":34,"column":54}},"4":{"start":{"line":35,"column":8},"end":{"line":35,"column":1417}},"5":{"start":{"line":36,"column":12},"end":{"line":36,"column":35}},"6":{"start":{"line":45,"column":8},"end":{"line":45,"column":99}},"7":{"start":{"line":52,"column":8},"end":{"line":52,"column":86}},"8":{"start":{"line":62,"column":8},"end":{"line":62,"column":70}},"9":{"start":{"line":63,"column":8},"end":{"line":63,"column":46}},"10":{"start":{"line":64,"column":8},"end":{"line":64,"column":39}},"11":{"start":{"line":69,"column":8},"end":{"line":69,"column":45}},"12":{"start":{"line":71,"column":8},"end":{"line":71,"column":42}},"13":{"start":{"line":80,"column":8},"end":{"line":80,"column":55}},"14":{"start":{"line":81,"column":8},"end":{"line":81,"column":55}},"15":{"start":{"line":84,"column":8},"end":{"line":84,"column":61}},"16":{"start":{"line":85,"column":8},"end":{"line":85,"column":41}},"17":{"start":{"line":87,"column":8},"end":{"line":87,"column":43}},"18":{"start":{"line":95,"column":8},"end":{"line":95,"column":22}},"19":{"start":{"line":104,"column":8},"end":{"line":104,"column":15}}},"branchMap":{"1":{"line":32,"type":"if","locations":[{"start":{"line":32,"column":8},"end":{"line":32,"column":8}},{"start":{"line":32,"column":8},"end":{"line":32,"column":8}}]},"2":{"line":33,"type":"if","locations":[{"start":{"line":33,"column":8},"end":{"line":33,"column":8}},{"start":{"line":33,"column":8},"end":{"line":33,"column":8}}]},"3":{"line":52,"type":"if","locations":[{"start":{"line":52,"column":8},"end":{"line":52,"column":8}},{"start":{"line":52,"column":8},"end":{"line":52,"column":8}}]},"4":{"line":61,"type":"if","locations":[{"start":{"line":61,"column":33},"end":{"line":61,"column":33}},{"start":{"line":61,"column":33},"end":{"line":61,"column":33}}]},"5":{"line":62,"type":"if","locations":[{"start":{"line":62,"column":8},"end":{"line":62,"column":8}},{"start":{"line":62,"column":8},"end":{"line":62,"column":8}}]},"6":{"line":81,"type":"if","locations":[{"start":{"line":81,"column":8},"end":{"line":81,"column":8}},{"start":{"line":81,"column":8},"end":{"line":81,"column":8}}]},"7":{"line":85,"type":"if","locations":[{"start":{"line":85,"column":8},"end":{"line":85,"column":8}},{"start":{"line":85,"column":8},"end":{"line":85,"column":8}}]}}}}
