TN:
SF:C:\Users\miche\Downloads\lottery-hardhat\lottery-hardhat\contracts\LotteryWithTickets.sol
FN:22,constructor
FN:31,buyTickets
FN:44,random
FN:51,restricted
FN:61,pickWinner
FN:79,withdraw
FN:94,getTickets
FN:103,
FNF:8
FNH:8
FNDA:5,constructor
FNDA:12,buyTickets
FNDA:5,random
FNDA:7,restricted
FNDA:6,pickWinner
FNDA:5,withdraw
FNDA:5,getTickets
FNDA:1,
DA:23,5
DA:32,12
DA:33,11
DA:34,10
DA:35,10
DA:36,15
DA:45,5
DA:52,7
DA:53,6
DA:62,6
DA:63,5
DA:64,5
DA:66,5
DA:69,5
DA:70,5
DA:71,5
DA:80,5
DA:81,5
DA:82,3
DA:84,3
DA:85,3
DA:87,3
DA:95,5
DA:100,1
DA:104,1
LF:25
LH:25
BRDA:32,1,0,11
BRDA:32,1,1,1
BRDA:33,2,0,10
BRDA:33,2,1,1
BRDA:52,3,0,6
BRDA:52,3,1,1
BRDA:61,4,0,6
BRDA:61,4,1,1
BRDA:62,5,0,5
BRDA:62,5,1,1
BRDA:81,6,0,3
BRDA:81,6,1,2
BRDA:85,7,0,3
BRDA:85,7,1,0
BRF:14
BRH:13
end_of_record
